# JRE version: Java(TM) SE Runtime Environment (8.0_60-b27) (build 1.8.0_60-b27)
# Java VM: Java HotSpot(TM) 64-Bit Server VM (25.60-b23 mixed mode windows-amd64 compressed oops)
Heap:
 PSYoungGen      total 147968K, used 30315K [0x00000000eab00000, 0x00000000f7980000, 0x0000000100000000)
  eden space 130048K, 13% used [0x00000000eab00000,0x00000000ebbc2300,0x00000000f2a00000)
  from space 17920K, 73% used [0x00000000f2a00000,0x00000000f36d8c40,0x00000000f3b80000)
  to   space 18432K, 0% used [0x00000000f6780000,0x00000000f6780000,0x00000000f7980000)
 ParOldGen       total 117760K, used 25780K [0x00000000c0000000, 0x00000000c7300000, 0x00000000eab00000)
  object space 117760K, 21% used [0x00000000c0000000,0x00000000c192d038,0x00000000c7300000)
 Metaspace       used 40079K, capacity 41074K, committed 41216K, reserved 1085440K
  class space    used 5552K, capacity 5873K, committed 5888K, reserved 1048576K
GC Heap History (10 events):
Event: 4.070 GC heap before
{Heap before GC invocations=5 (full 1):
 PSYoungGen      total 71680K, used 66560K [0x00000000eab00000, 0x00000000f3700000, 0x0000000100000000)
  eden space 66560K, 100% used [0x00000000eab00000,0x00000000eec00000,0x00000000eec00000)
  from space 5120K, 0% used [0x00000000eec00000,0x00000000eec00000,0x00000000ef100000)
  to   space 5120K, 0% used [0x00000000f3200000,0x00000000f3200000,0x00000000f3700000)
 ParOldGen       total 73216K, used 12228K [0x00000000c0000000, 0x00000000c4780000, 0x00000000eab00000)
  object space 73216K, 16% used [0x00000000c0000000,0x00000000c0bf1328,0x00000000c4780000)
 Metaspace       used 26713K, capacity 27156K, committed 27392K, reserved 1073152K
  class space    used 3642K, capacity 3761K, committed 3840K, reserved 1048576K
Event: 4.087 GC heap after
Heap after GC invocations=5 (full 1):
 PSYoungGen      total 99328K, used 5109K [0x00000000eab00000, 0x00000000f3700000, 0x0000000100000000)
  eden space 94208K, 0% used [0x00000000eab00000,0x00000000eab00000,0x00000000f0700000)
  from space 5120K, 99% used [0x00000000f3200000,0x00000000f36fd470,0x00000000f3700000)
  to   space 5120K, 0% used [0x00000000f2d00000,0x00000000f2d00000,0x00000000f3200000)
 ParOldGen       total 73216K, used 14016K [0x00000000c0000000, 0x00000000c4780000, 0x00000000eab00000)
  object space 73216K, 19% used [0x00000000c0000000,0x00000000c0db01e0,0x00000000c4780000)
 Metaspace       used 26713K, capacity 27156K, committed 27392K, reserved 1073152K
  class space    used 3642K, capacity 3761K, committed 3840K, reserved 1048576K
}
Event: 5.700 GC heap before
{Heap before GC invocations=6 (full 1):
 PSYoungGen      total 99328K, used 99317K [0x00000000eab00000, 0x00000000f3700000, 0x0000000100000000)
  eden space 94208K, 100% used [0x00000000eab00000,0x00000000f0700000,0x00000000f0700000)
  from space 5120K, 99% used [0x00000000f3200000,0x00000000f36fd470,0x00000000f3700000)
  to   space 5120K, 0% used [0x00000000f2d00000,0x00000000f2d00000,0x00000000f3200000)
 ParOldGen       total 73216K, used 14016K [0x00000000c0000000, 0x00000000c4780000, 0x00000000eab00000)
  object space 73216K, 19% used [0x00000000c0000000,0x00000000c0db01e0,0x00000000c4780000)
 Metaspace       used 31878K, capacity 32516K, committed 32768K, reserved 1077248K
  class space    used 4345K, capacity 4541K, committed 4608K, reserved 1048576K
Event: 5.757 GC heap after
Heap after GC invocations=6 (full 1):
 PSYoungGen      total 138240K, used 5108K [0x00000000eab00000, 0x00000000f4900000, 0x0000000100000000)
  eden space 133120K, 0% used [0x00000000eab00000,0x00000000eab00000,0x00000000f2d00000)
  from space 5120K, 99% used [0x00000000f2d00000,0x00000000f31fd010,0x00000000f3200000)
  to   space 13824K, 0% used [0x00000000f3b80000,0x00000000f3b80000,0x00000000f4900000)
 ParOldGen       total 73216K, used 19686K [0x00000000c0000000, 0x00000000c4780000, 0x00000000eab00000)
  object space 73216K, 26% used [0x00000000c0000000,0x00000000c1339988,0x00000000c4780000)
 Metaspace       used 31878K, capacity 32516K, committed 32768K, reserved 1077248K
  class space    used 4345K, capacity 4541K, committed 4608K, reserved 1048576K
}
Event: 6.979 GC heap before
{Heap before GC invocations=7 (full 1):
 PSYoungGen      total 138240K, used 95590K [0x00000000eab00000, 0x00000000f4900000, 0x0000000100000000)
  eden space 133120K, 67% used [0x00000000eab00000,0x00000000f035cb50,0x00000000f2d00000)
  from space 5120K, 99% used [0x00000000f2d00000,0x00000000f31fd010,0x00000000f3200000)
  to   space 13824K, 0% used [0x00000000f3b80000,0x00000000f3b80000,0x00000000f4900000)
 ParOldGen       total 73216K, used 19686K [0x00000000c0000000, 0x00000000c4780000, 0x00000000eab00000)
  object space 73216K, 26% used [0x00000000c0000000,0x00000000c1339988,0x00000000c4780000)
 Metaspace       used 34680K, capacity 35320K, committed 35456K, reserved 1079296K
  class space    used 4733K, capacity 4917K, committed 4992K, reserved 1048576K
Event: 7.028 GC heap after
Heap after GC invocations=7 (full 1):
 PSYoungGen      total 143872K, used 13808K [0x00000000eab00000, 0x00000000f8980000, 0x0000000100000000)
  eden space 130048K, 0% used [0x00000000eab00000,0x00000000eab00000,0x00000000f2a00000)
  from space 13824K, 99% used [0x00000000f3b80000,0x00000000f48fc3d0,0x00000000f4900000)
  to   space 17920K, 0% used [0x00000000f2a00000,0x00000000f2a00000,0x00000000f3b80000)
 ParOldGen       total 73216K, used 22737K [0x00000000c0000000, 0x00000000c4780000, 0x00000000eab00000)
  object space 73216K, 31% used [0x00000000c0000000,0x00000000c1634640,0x00000000c4780000)
 Metaspace       used 34680K, capacity 35320K, committed 35456K, reserved 1079296K
  class space    used 4733K, capacity 4917K, committed 4992K, reserved 1048576K
}
Event: 7.028 GC heap before
{Heap before GC invocations=8 (full 2):
 PSYoungGen      total 143872K, used 13808K [0x00000000eab00000, 0x00000000f8980000, 0x0000000100000000)
  eden space 130048K, 0% used [0x00000000eab00000,0x00000000eab00000,0x00000000f2a00000)
  from space 13824K, 99% used [0x00000000f3b80000,0x00000000f48fc3d0,0x00000000f4900000)
  to   space 17920K, 0% used [0x00000000f2a00000,0x00000000f2a00000,0x00000000f3b80000)
 ParOldGen       total 73216K, used 22737K [0x00000000c0000000, 0x00000000c4780000, 0x00000000eab00000)
  object space 73216K, 31% used [0x00000000c0000000,0x00000000c1634640,0x00000000c4780000)
 Metaspace       used 34680K, capacity 35320K, committed 35456K, reserved 1079296K
  class space    used 4733K, capacity 4917K, committed 4992K, reserved 1048576K
Event: 7.255 GC heap after
Heap after GC invocations=8 (full 2):
 PSYoungGen      total 143872K, used 0K [0x00000000eab00000, 0x00000000f8980000, 0x0000000100000000)
  eden space 130048K, 0% used [0x00000000eab00000,0x00000000eab00000,0x00000000f2a00000)
  from space 13824K, 0% used [0x00000000f3b80000,0x00000000f3b80000,0x00000000f4900000)
  to   space 17920K, 0% used [0x00000000f2a00000,0x00000000f2a00000,0x00000000f3b80000)
 ParOldGen       total 117760K, used 25772K [0x00000000c0000000, 0x00000000c7300000, 0x00000000eab00000)
  object space 117760K, 21% used [0x00000000c0000000,0x00000000c192b038,0x00000000c7300000)
 Metaspace       used 34680K, capacity 35320K, committed 35456K, reserved 1079296K
  class space    used 4733K, capacity 4917K, committed 4992K, reserved 1048576K
}
Event: 15.742 GC heap before
{Heap before GC invocations=9 (full 2):
 PSYoungGen      total 143872K, used 130048K [0x00000000eab00000, 0x00000000f8980000, 0x0000000100000000)
  eden space 130048K, 100% used [0x00000000eab00000,0x00000000f2a00000,0x00000000f2a00000)
  from space 13824K, 0% used [0x00000000f3b80000,0x00000000f3b80000,0x00000000f4900000)
  to   space 17920K, 0% used [0x00000000f2a00000,0x00000000f2a00000,0x00000000f3b80000)
 ParOldGen       total 117760K, used 25772K [0x00000000c0000000, 0x00000000c7300000, 0x00000000eab00000)
  object space 117760K, 21% used [0x00000000c0000000,0x00000000c192b038,0x00000000c7300000)
 Metaspace       used 39443K, capacity 40466K, committed 40704K, reserved 1083392K
  class space    used 5484K, capacity 5777K, committed 5888K, reserved 1048576K
Event: 15.772 GC heap after
Heap after GC invocations=9 (full 2):
 PSYoungGen      total 147968K, used 13155K [0x00000000eab00000, 0x00000000f7980000, 0x0000000100000000)
  eden space 130048K, 0% used [0x00000000eab00000,0x00000000eab00000,0x00000000f2a00000)
  from space 17920K, 73% used [0x00000000f2a00000,0x00000000f36d8c40,0x00000000f3b80000)
  to   space 18432K, 0% used [0x00000000f6780000,0x00000000f6780000,0x00000000f7980000)
 ParOldGen       total 117760K, used 25780K [0x00000000c0000000, 0x00000000c7300000, 0x00000000eab00000)
  object space 117760K, 21% used [0x00000000c0000000,0x00000000c192d038,0x00000000c7300000)
 Metaspace       used 39443K, capacity 40466K, committed 40704K, reserved 1083392K
  class space    used 5484K, capacity 5777K, committed 5888K, reserved 1048576K
}

