# JRE version: Java(TM) SE Runtime Environment (8.0_60-b27) (build 1.8.0_60-b27)
# Java VM: Java HotSpot(TM) 64-Bit Server VM (25.60-b23 mixed mode windows-amd64 compressed oops)
Heap:
 PSYoungGen      total 248320K, used 193230K [0x00000000eab00000, 0x00000000fec80000, 0x0000000100000000)
  eden space 230400K, 80% used [0x00000000eab00000,0x00000000f6107578,0x00000000f8c00000)
  from space 17920K, 38% used [0x00000000f9d00000,0x00000000fa3ac528,0x00000000fae80000)
  to   space 17408K, 0% used [0x00000000f8c00000,0x00000000f8c00000,0x00000000f9d00000)
 ParOldGen       total 87552K, used 38075K [0x00000000c0000000, 0x00000000c5580000, 0x00000000eab00000)
  object space 87552K, 43% used [0x00000000c0000000,0x00000000c252ec38,0x00000000c5580000)
 Metaspace       used 53834K, capacity 55940K, committed 56192K, reserved 1097728K
  class space    used 7205K, capacity 7726K, committed 7808K, reserved 1048576K
GC Heap History (10 events):
Event: 8.585 GC heap before
{Heap before GC invocations=11 (full 2):
 PSYoungGen      total 187392K, used 10682K [0x00000000eab00000, 0x00000000fb680000, 0x0000000100000000)
  eden space 173568K, 0% used [0x00000000eab00000,0x00000000eab00000,0x00000000f5480000)
  from space 13824K, 77% used [0x00000000f5480000,0x00000000f5eeea48,0x00000000f6200000)
  to   space 14848K, 0% used [0x00000000fa800000,0x00000000fa800000,0x00000000fb680000)
 ParOldGen       total 58368K, used 10680K [0x00000000c0000000, 0x00000000c3900000, 0x00000000eab00000)
  object space 58368K, 18% used [0x00000000c0000000,0x00000000c0a6e340,0x00000000c3900000)
 Metaspace       used 34742K, capacity 35444K, committed 35496K, reserved 1079296K
  class space    used 4633K, capacity 4835K, committed 4864K, reserved 1048576K
Event: 8.761 GC heap after
Heap after GC invocations=11 (full 2):
 PSYoungGen      total 187392K, used 0K [0x00000000eab00000, 0x00000000fb680000, 0x0000000100000000)
  eden space 173568K, 0% used [0x00000000eab00000,0x00000000eab00000,0x00000000f5480000)
  from space 13824K, 0% used [0x00000000f5480000,0x00000000f5480000,0x00000000f6200000)
  to   space 14848K, 0% used [0x00000000fa800000,0x00000000fa800000,0x00000000fb680000)
 ParOldGen       total 87552K, used 17881K [0x00000000c0000000, 0x00000000c5580000, 0x00000000eab00000)
  object space 87552K, 20% used [0x00000000c0000000,0x00000000c1176618,0x00000000c5580000)
 Metaspace       used 34703K, capacity 35400K, committed 35496K, reserved 1079296K
  class space    used 4621K, capacity 4823K, committed 4864K, reserved 1048576K
}
Event: 10.953 GC heap before
{Heap before GC invocations=12 (full 2):
 PSYoungGen      total 187392K, used 173568K [0x00000000eab00000, 0x00000000fb680000, 0x0000000100000000)
  eden space 173568K, 100% used [0x00000000eab00000,0x00000000f5480000,0x00000000f5480000)
  from space 13824K, 0% used [0x00000000f5480000,0x00000000f5480000,0x00000000f6200000)
  to   space 14848K, 0% used [0x00000000fa800000,0x00000000fa800000,0x00000000fb680000)
 ParOldGen       total 87552K, used 17881K [0x00000000c0000000, 0x00000000c5580000, 0x00000000eab00000)
  object space 87552K, 20% used [0x00000000c0000000,0x00000000c1176618,0x00000000c5580000)
 Metaspace       used 40416K, capacity 41448K, committed 41728K, reserved 1085440K
  class space    used 5506K, capacity 5767K, committed 5888K, reserved 1048576K
Event: 11.003 GC heap after
Heap after GC invocations=12 (full 2):
 PSYoungGen      total 244736K, used 14831K [0x00000000eab00000, 0x00000000fb680000, 0x0000000100000000)
  eden space 229888K, 0% used [0x00000000eab00000,0x00000000eab00000,0x00000000f8b80000)
  from space 14848K, 99% used [0x00000000fa800000,0x00000000fb67bf48,0x00000000fb680000)
  to   space 18432K, 0% used [0x00000000f9280000,0x00000000f9280000,0x00000000fa480000)
 ParOldGen       total 87552K, used 22586K [0x00000000c0000000, 0x00000000c5580000, 0x00000000eab00000)
  object space 87552K, 25% used [0x00000000c0000000,0x00000000c160e8c8,0x00000000c5580000)
 Metaspace       used 40416K, capacity 41448K, committed 41728K, reserved 1085440K
  class space    used 5506K, capacity 5767K, committed 5888K, reserved 1048576K
}
Event: 12.026 GC heap before
{Heap before GC invocations=13 (full 2):
 PSYoungGen      total 244736K, used 92387K [0x00000000eab00000, 0x00000000fb680000, 0x0000000100000000)
  eden space 229888K, 33% used [0x00000000eab00000,0x00000000ef6bcec0,0x00000000f8b80000)
  from space 14848K, 99% used [0x00000000fa800000,0x00000000fb67bf48,0x00000000fb680000)
  to   space 18432K, 0% used [0x00000000f9280000,0x00000000f9280000,0x00000000fa480000)
 ParOldGen       total 87552K, used 22586K [0x00000000c0000000, 0x00000000c5580000, 0x00000000eab00000)
  object space 87552K, 25% used [0x00000000c0000000,0x00000000c160e8c8,0x00000000c5580000)
 Metaspace       used 42903K, capacity 44540K, committed 44800K, reserved 1087488K
  class space    used 5915K, capacity 6310K, committed 6400K, reserved 1048576K
Event: 12.080 GC heap after
Heap after GC invocations=13 (full 2):
 PSYoungGen      total 237568K, used 7266K [0x00000000eab00000, 0x00000000fae80000, 0x0000000100000000)
  eden space 229888K, 0% used [0x00000000eab00000,0x00000000eab00000,0x00000000f8b80000)
  from space 7680K, 94% used [0x00000000f9280000,0x00000000f9998bf0,0x00000000f9a00000)
  to   space 17920K, 0% used [0x00000000f9d00000,0x00000000f9d00000,0x00000000fae80000)
 ParOldGen       total 87552K, used 37374K [0x00000000c0000000, 0x00000000c5580000, 0x00000000eab00000)
  object space 87552K, 42% used [0x00000000c0000000,0x00000000c247f8a0,0x00000000c5580000)
 Metaspace       used 42903K, capacity 44540K, committed 44800K, reserved 1087488K
  class space    used 5915K, capacity 6310K, committed 6400K, reserved 1048576K
}
Event: 12.080 GC heap before
{Heap before GC invocations=14 (full 3):
 PSYoungGen      total 237568K, used 7266K [0x00000000eab00000, 0x00000000fae80000, 0x0000000100000000)
  eden space 229888K, 0% used [0x00000000eab00000,0x00000000eab00000,0x00000000f8b80000)
  from space 7680K, 94% used [0x00000000f9280000,0x00000000f9998bf0,0x00000000f9a00000)
  to   space 17920K, 0% used [0x00000000f9d00000,0x00000000f9d00000,0x00000000fae80000)
 ParOldGen       total 87552K, used 37374K [0x00000000c0000000, 0x00000000c5580000, 0x00000000eab00000)
  object space 87552K, 42% used [0x00000000c0000000,0x00000000c247f8a0,0x00000000c5580000)
 Metaspace       used 42903K, capacity 44540K, committed 44800K, reserved 1087488K
  class space    used 5915K, capacity 6310K, committed 6400K, reserved 1048576K
Event: 12.601 GC heap after
Heap after GC invocations=14 (full 3):
 PSYoungGen      total 237568K, used 0K [0x00000000eab00000, 0x00000000fae80000, 0x0000000100000000)
  eden space 229888K, 0% used [0x00000000eab00000,0x00000000eab00000,0x00000000f8b80000)
  from space 7680K, 0% used [0x00000000f9280000,0x00000000f9280000,0x00000000f9a00000)
  to   space 17920K, 0% used [0x00000000f9d00000,0x00000000f9d00000,0x00000000fae80000)
 ParOldGen       total 87552K, used 38067K [0x00000000c0000000, 0x00000000c5580000, 0x00000000eab00000)
  object space 87552K, 43% used [0x00000000c0000000,0x00000000c252cc38,0x00000000c5580000)
 Metaspace       used 42903K, capacity 44540K, committed 44800K, reserved 1087488K
  class space    used 5915K, capacity 6310K, committed 6400K, reserved 1048576K
}
Event: 152.873 GC heap before
{Heap before GC invocations=15 (full 3):
 PSYoungGen      total 237568K, used 229888K [0x00000000eab00000, 0x00000000fae80000, 0x0000000100000000)
  eden space 229888K, 100% used [0x00000000eab00000,0x00000000f8b80000,0x00000000f8b80000)
  from space 7680K, 0% used [0x00000000f9280000,0x00000000f9280000,0x00000000f9a00000)
  to   space 17920K, 0% used [0x00000000f9d00000,0x00000000f9d00000,0x00000000fae80000)
 ParOldGen       total 87552K, used 38067K [0x00000000c0000000, 0x00000000c5580000, 0x00000000eab00000)
  object space 87552K, 43% used [0x00000000c0000000,0x00000000c252cc38,0x00000000c5580000)
 Metaspace       used 46837K, capacity 48788K, committed 48896K, reserved 1091584K
  class space    used 6418K, capacity 6895K, committed 6912K, reserved 1048576K
Event: 152.893 GC heap after
Heap after GC invocations=15 (full 3):
 PSYoungGen      total 248320K, used 6833K [0x00000000eab00000, 0x00000000fec80000, 0x0000000100000000)
  eden space 230400K, 0% used [0x00000000eab00000,0x00000000eab00000,0x00000000f8c00000)
  from space 17920K, 38% used [0x00000000f9d00000,0x00000000fa3ac528,0x00000000fae80000)
  to   space 17408K, 0% used [0x00000000f8c00000,0x00000000f8c00000,0x00000000f9d00000)
 ParOldGen       total 87552K, used 38075K [0x00000000c0000000, 0x00000000c5580000, 0x00000000eab00000)
  object space 87552K, 43% used [0x00000000c0000000,0x00000000c252ec38,0x00000000c5580000)
 Metaspace       used 46837K, capacity 48788K, committed 48896K, reserved 1091584K
  class space    used 6418K, capacity 6895K, committed 6912K, reserved 1048576K
}

